main seg: seg02/

--- /scripts/init-top/* ---
00_mount_efivarfs
ORDER
all_generic_ide
blacklist
console_setup
framebuffer
udev

--- /scripts/local-top/* ---
ORDER
cryptopensc
cryptroot
iscsi
lvm2

--- /scripts/local (head 120) ---
# Local filesystem mounting			-*- shell-script -*-

local_top()
{
	if [ "${local_top_used}" != "yes" ]; then
		[ "${quiet?}" != "y" ] && log_begin_msg "Running /scripts/local-top"
		run_scripts /scripts/local-top
		[ "$quiet" != "y" ] && log_end_msg
	fi
	local_top_used=yes
}

local_block()
{
	[ "${quiet?}" != "y" ] && log_begin_msg "Running /scripts/local-block"
	run_scripts /scripts/local-block "$@"
	[ "$quiet" != "y" ] && log_end_msg
}

local_premount()
{
	if [ "${local_premount_used}" != "yes" ]; then
		[ "${quiet?}" != "y" ] && log_begin_msg "Running /scripts/local-premount"
		run_scripts /scripts/local-premount
		[ "$quiet" != "y" ] && log_end_msg
	fi
	local_premount_used=yes
}

local_bottom()
{
	if [ "${local_premount_used}" = "yes" ] || [ "${local_top_used}" = "yes" ]; then
		[ "${quiet?}" != "y" ] && log_begin_msg "Running /scripts/local-bottom"
		run_scripts /scripts/local-bottom
		[ "$quiet" != "y" ] && log_end_msg
	fi
	local_premount_used=no
	local_top_used=no
}

# $1=device ID to mount
# $2=optionname (for root and etc)
# $3=panic if device is missing (true or false, default: true)
# Sets $DEV to the resolved device node
local_device_setup()
{
	local dev_id="$1"
	local name="$2"
	local may_panic="${3:-true}"
	local real_dev
	local time_elapsed
	local count

	# If wait-for-root understands this prefix, then use it to wait for
	# the device rather than settling the whole of udev.

	# Timeout is max(30, rootdelay) seconds (approximately)
	local slumber=30
	case $DPKG_ARCH in
		powerpc|ppc64|ppc64el)
			slumber=180
			;;
		*)
			slumber=30
			;;
	esac
	if [ "${ROOTDELAY:-0}" -gt $slumber ]; then
		slumber=$ROOTDELAY
	fi

	case "$dev_id" in
	UUID=*|LABEL=*|PARTUUID=*|/dev/*)
		FSTYPE=$( wait-for-root "$dev_id" "$slumber" )
		;;
	*)
		wait_for_udev 10
		;;
	esac

	# Load ubi with the correct MTD partition and return since fstype
	# doesn't work with a char device like ubi.
	if [ -n "$UBIMTD" ]; then
		modprobe ubi "mtd=$UBIMTD"
		DEV="${dev_id}"
		return
	fi

	# Don't wait for a device that doesn't have a corresponding
	# device in /dev and isn't resolvable by blkid (e.g. mtd0)
	if [ "${dev_id#/dev}" = "${dev_id}" ] &&
	   [ "${dev_id#*=}" = "${dev_id}" ]; then
		DEV="${dev_id}"
		return
	fi

	# If the root device hasn't shown up yet, give it a little while
	# to allow for asynchronous device discovery (e.g. USB).  We
	# also need to keep invoking the local-block scripts in case
	# there are devices stacked on top of those.
	#
	# in Ubuntu, we should never actually enter this loop as wait-for-root
	# above should have waited until the device appeared.
	if ! real_dev=$(resolve_device "${dev_id}") ||
	   ! get_fstype "${real_dev}" >/dev/null; then
		log_begin_msg "Waiting for ${name}"

		while true; do
			sleep 1
			time_elapsed="$(time_elapsed)"

			local_block "${dev_id}"

			# If mdadm's local-block script counts the
			# number of times it is run, make sure to
			# run it the expected number of times.
			mdadm_exec=0
			while true; do
				if [ -f /run/count.mdadm.initrd ]; then
					count="$(cat /run/count.mdadm.initrd)"
				elif [ -n "${count}" ]; then

--- modules.dep grep ---
[9p]
[hv_sock]
[hyperv]
kernel/drivers/pci/controller/pci-hyperv.ko: kernel/drivers/pci/controller/pci-hyperv-intf.ko kernel/drivers/hv/hv_vmbus.ko
kernel/drivers/pci/controller/pci-hyperv-intf.ko:
kernel/drivers/gpu/drm/hyperv/hyperv_drm.ko: kernel/drivers/hv/hv_vmbus.ko
kernel/drivers/net/ethernet/mellanox/mlx5/core/mlx5_core.ko: kernel/drivers/net/ethernet/mellanox/mlxfw/mlxfw.ko kernel/net/psample/psample.ko kernel/net/tls/tls.ko kernel/drivers/pci/controller/pci-hyperv-intf.ko
kernel/drivers/net/ethernet/mellanox/mlx5/core/mlx5_dpll.ko: kernel/drivers/net/ethernet/mellanox/mlx5/core/mlx5_core.ko kernel/drivers/net/ethernet/mellanox/mlxfw/mlxfw.ko kernel/net/psample/psample.ko kernel/net/tls/tls.ko kernel/drivers/pci/controller/pci-hyperv-intf.ko
kernel/drivers/net/hyperv/hv_netvsc.ko: kernel/drivers/hv/hv_vmbus.ko
kernel/drivers/input/serio/hyperv-keyboard.ko: kernel/drivers/hv/hv_vmbus.ko
kernel/drivers/hid/hid-hyperv.ko: kernel/drivers/hid/hid.ko kernel/drivers/hv/hv_vmbus.ko
kernel/drivers/infiniband/hw/mlx5/mlx5_ib.ko: kernel/drivers/infiniband/core/ib_uverbs.ko kernel/drivers/net/ethernet/mellanox/mlx5/core/mlx5_core.ko kernel/drivers/net/ethernet/mellanox/mlxfw/mlxfw.ko kernel/net/psample/psample.ko kernel/drivers/net/macsec.ko kernel/net/tls/tls.ko kernel/drivers/infiniband/core/ib_core.ko kernel/drivers/pci/controller/pci-hyperv-intf.ko
[storvsc]
kernel/drivers/scsi/hv_storvsc.ko: kernel/drivers/scsi/scsi_transport_fc.ko kernel/drivers/hv/hv_vmbus.ko
[vsock]
kernel/drivers/net/vsockmon.ko: kernel/net/vmw_vsock/vsock.ko
kernel/net/vmw_vsock/vsock.ko:

--- conf/modules ---
linear
multipath
raid0
raid1
raid456
raid5
raid6
raid10
efivars

--- modules.builtin (9p/vsock/hv) ---

--- /etc/modprobe.d ---
amd64-microcode-blacklist.conf
blacklist-ath_pci.conf
blacklist-firewire.conf
blacklist-framebuffer.conf
blacklist-rare-network.conf
blacklist.conf
intel-microcode-blacklist.conf
iwlwifi.conf
mdadm.conf

--- /scripts/local-bottom ---
ORDER
cryptgnupg-sc
cryptopensc
cryptroot
iscsi
mdadm
ntfs_3g

--- /scripts/init-bottom ---
ORDER
cloud-initramfs-dyn-netconf
copymods
lvm2
overlayroot
plymouth
udev

--- segments: total module sizes ---
231M	lib/modules

===== seg01 (microcode-only, just confirm) =====
kernel
